Arguments: 
  C:\Program Files\nodejs\node.exe C:\Program Files (x86)\Yarn\bin\yarn.js init -D

PATH: 
  C:\cmder\bin;C:\cmder\vendor\bin;C:\cmder\vendor\conemu-maximus5\ConEmu\Scripts;C:\cmder\vendor\conemu-maximus5;C:\cmder\vendor\conemu-maximus5\ConEmu;C:\ProgramData\DockerDesktop\version-bin;C:\Program Files\Docker\Docker\Resources\bin;C:\Python27\;C:\Python27\Scripts;C:\Program Files\Python36\Scripts\;C:\Program Files\Python36\;C:\Program Files (x86)\Common Files\Oracle\Java\javapath;C:\Program Files (x86)\Common Files\Intel\Shared Libraries\redist\intel64\compiler;C:\ProgramData\Oracle\Java\javapath;C:\WINDOWS\system32;C:\WINDOWS;C:\WINDOWS\System32\Wbem;C:\WINDOWS\System32\WindowsPowerShell\v1.0\;C:\Program Files (x86)\AMD\ATI.ACE\Core-Static;C:\Program Files\Microsoft\Web Platform Installer\;C:\Program Files (x86)\Microsoft SQL Server\Client SDK\ODBC\130\Tools\Binn\;C:\Program Files (x86)\Microsoft SQL Server\130\Tools\Binn\;C:\Program Files (x86)\Microsoft SQL Server\130\DTS\Binn\;C:\Program Files (x86)\Microsoft SQL Server\130\Tools\Binn\ManagementStudio\;C:\sqlite;C:\ProgramData\chocolatey\bin;C:\Program Files\PuTTY\;C:\Program Files\Intel\WiFi\bin\;C:\Program Files\Common Files\Intel\WirelessCommon\;C:\xampp\php;C:\Program Files (x86)\Calibre2\;C:\Program Files\Microsoft SQL Server\130\Tools\Binn\;C:\Program Files\dotnet\;C:\Program Files\Git\cmd;C:\Program Files\erl9.2\bin;C:\Program Files (x86)\Elixir\bin;C:\WINDOWS\system32\config\systemprofile\.mix\escripts;C:\WINDOWS\System32\OpenSSH\;C:\Strawberry\c\bin;C:\Strawberry\perl\site\bin;C:\Strawberry\perl\bin;C:\Program Files\Microsoft VS Code\bin;C:\PostgreSQL\pg10\bin;C:\Program Files\Microsoft VS Code Insiders\bin;C:\Program Files (x86)\Yarn\bin\;C:\Program Files\nodejs\;C:\Ruby23-x64\bin;C:\ProgramData\Oracle\Java\javapath;C:\WINDOWS\system32;C:\WINDOWS;C:\WINDOWS\System32\Wbem;C:\WINDOWS\System32\WindowsPowerShell\v1.0\;C:\Program Files (x86)\AMD\ATI.ACE\Core-Static;C:\WINDOWS\system32\config\systemprofile\.dnx\bin;C:\Program Files\Microsoft DNX\Dnvm\;C:\Program Files\Microsoft SQL Server\130\Tools\Binn\;C:\Program Files\Intel\WiFi\bin\;C:\Program Files\Common Files\Intel\WirelessCommon\;C:\Users\viruh\AppData\Local\Microsoft\WindowsApps;C:\Python27;C:\Program Files\Heroku\bin;C:\Users\viruh\AppData\Local\Android\sdk\platform-tools;C:\Users\viruh\AppData\Local\atom\bin;C:\Users\viruh\AppData\Local\Microsoft\WindowsApps;C:\Program Files (x86)\Nmap;C:\Program Files\Microsoft VS Code\bin;C:\Users\viruh\AppData\Local\hyper\app-2.0.0\resources\bin;C:\Program Files\Microsoft VS Code Insiders\bin;C:\Users\viruh\AppData\Local\Programs\Microsoft VS Code\bin;C:\Users\viruh\AppData\Local\Yarn\bin;C:\Users\viruh\AppData\Roaming\npm;C:\Program Files\Git\cmd;C:\Program Files\Git\mingw64\bin;C:\Program Files\Git\usr\bin;C:\cmder

Yarn version: 
  1.12.3

Node version: 
  11.9.0

Platform: 
  win32 x64

Trace: 
  Error: canceled
      at Interface.<anonymous> (C:\Program Files (x86)\Yarn\lib\cli.js:125278:13)
      at Interface.emit (events.js:197:13)
      at Interface._ttyWrite (readline.js:799:16)
      at ReadStream.onkeypress (readline.js:184:10)
      at ReadStream.emit (events.js:197:13)
      at emitKeys (internal/readline.js:424:14)
      at emitKeys.next (<anonymous>)
      at ReadStream.onData (readline.js:1071:36)
      at ReadStream.emit (events.js:197:13)
      at addChunk (_stream_readable.js:288:12)

npm manifest: 
  No manifest

yarn manifest: 
  No manifest

Lockfile: 
  No lockfile
